<?xml version="1.0" encoding="UTF-8"?>
<testng-results ignored="0" total="1" passed="1" failed="0" skipped="0">
  <reporter-output>
  </reporter-output>
  <suite started-at="2026-01-06T12:14:15 IST" name="Default suite" finished-at="2026-01-06T12:14:15 IST" duration-ms="87">
    <groups>
    </groups>
    <test started-at="2026-01-06T12:14:15 IST" name="Default test" finished-at="2026-01-06T12:14:15 IST" duration-ms="87">
      <class name="PracticeJenkinsGitHubCommands.Test1">
        <test-method signature="sampleTest1()[pri:0, instance:PracticeJenkinsGitHubCommands.Test1@2e3967ea]" started-at="2026-01-06T12:14:15 IST" name="sampleTest1" finished-at="2026-01-06T12:14:15 IST" duration-ms="16" status="PASS">
          <reporter-output>
          </reporter-output>
        </test-method> <!-- sampleTest1 -->
      </class> <!-- PracticeJenkinsGitHubCommands.Test1 -->
    </test> <!-- Default test -->
  </suite> <!-- Default suite -->
</testng-results>
